<?xml version="1.0" encoding="UTF-8"?>
<!-- Generated by org.testng.reporters.JUnitXMLReporter -->
<testsuite hostname="DKW1529" ignored="1" name="Default test" tests="1" failures="0" timestamp="28 Jun 2018 11:53:29 GMT" time="52.008" errors="0">
  <testcase name="verifyHomePageTitleTest" time="0.015" classname="com.task.tests.HomePageTest"/>
  <testcase name="verifyUsernmaeTest" time="0.0" classname="com.task.tests.HomePageTest">
    <ignored/>
  </testcase> <!-- verifyUsernmaeTest -->
</testsuite> <!-- Default test -->
