<?xml version="1.0" encoding="UTF-8"?>
<testng-results skipped="0" failed="0" ignored="1" total="2" passed="1">
  <reporter-output>
  </reporter-output>
  <suite name="Default suite" duration-ms="52008" started-at="2018-06-28T11:52:37Z" finished-at="2018-06-28T11:53:29Z">
    <groups>
    </groups>
    <test name="Default test" duration-ms="52008" started-at="2018-06-28T11:52:37Z" finished-at="2018-06-28T11:53:29Z">
      <class name="com.task.tests.HomePageTest">
        <test-method status="PASS" signature="setup()[pri:0, instance:com.task.tests.HomePageTest@19d1a19]" name="setup" is-config="true" duration-ms="51899" started-at="2018-06-28T11:52:37Z" finished-at="2018-06-28T11:53:29Z">
          <reporter-output>
          </reporter-output>
        </test-method> <!-- setup -->
        <test-method status="PASS" signature="verifyHomePageTitleTest()[pri:1, instance:com.task.tests.HomePageTest@19d1a19]" name="verifyHomePageTitleTest" duration-ms="15" started-at="2018-06-28T11:53:29Z" finished-at="2018-06-28T11:53:29Z">
          <reporter-output>
          </reporter-output>
        </test-method> <!-- verifyHomePageTitleTest -->
        <test-method status="PASS" signature="teardown()[pri:0, instance:com.task.tests.HomePageTest@19d1a19]" name="teardown" is-config="true" duration-ms="0" started-at="2018-06-28T11:53:29Z" finished-at="2018-06-28T11:53:29Z">
          <reporter-output>
          </reporter-output>
        </test-method> <!-- teardown -->
      </class> <!-- com.task.tests.HomePageTest -->
    </test> <!-- Default test -->
  </suite> <!-- Default suite -->
</testng-results>
