<?xml version="1.0" encoding="UTF-8"?>
<!-- Generated by org.testng.reporters.JUnitXMLReporter -->
<testsuite hostname="DESKTOP-8S13367" ignored="0" name="Automation Task Test Cases" tests="5" failures="2" timestamp="01 Jul 2018 15:22:08 GMT" time="388.217" errors="0">
  <testcase name="totalNetworhTest" time="19.314" classname="com.task.tests.AccountHoldingsPageTest">
    <failure type="java.lang.AssertionError" message="Current USD Value is not equal to Total Networth Value expected [true] but found [false]">
      <![CDATA[java.lang.AssertionError: Current USD Value is not equal to Total Networth Value expected [true] but found [false]
at com.task.tests.AccountHoldingsPageTest.totalNetworhTest(AccountHoldingsPageTest.java:43)
... Removed 28 stack frames]]>
    </failure>
  </testcase> <!-- totalNetworhTest -->
  <testcase name="createReportTemplateTest" time="9.469" classname="com.task.tests.TemplateDesignPageTest">
    <failure type="org.openqa.selenium.StaleElementReferenceException" message="The element reference of &amp;lt;td&amp;gt; is stale; either the element is no longer attached to the DOM, it is not in the current frame context, or the document has been refreshed
For documentation on this error, please visit: http://seleniumhq.org/exceptions/stale_element_reference.html
Build info: version: &amp;apos;3.13.0&amp;apos;, revision: &amp;apos;2f0d292&amp;apos;, time: &amp;apos;2018-06-25T15:24:21.231Z&amp;apos;
System info: host: &amp;apos;DESKTOP-8S13367&amp;apos;, ip: &amp;apos;192.168.0.103&amp;apos;, os.name: &amp;apos;Windows 10&amp;apos;, os.arch: &amp;apos;amd64&amp;apos;, os.version: &amp;apos;10.0&amp;apos;, java.version: &amp;apos;1.8.0_171&amp;apos;
Driver info: org.openqa.selenium.firefox.FirefoxDriver
Capabilities {acceptInsecureCerts: true, browserName: firefox, browserVersion: 61.0, javascriptEnabled: true, moz:accessibilityChecks: false, moz:headless: false, moz:processID: 17212, moz:profile: C:\Users\Rishabh\AppData\Lo..., moz:useNonSpecCompliantPointerOrigin: false, moz:webdriverClick: true, pageLoadStrategy: normal, platform: XP, platformName: XP, platformVersion: 10.0, rotatable: false, timeouts: {implicit: 0, pageLoad: 300000, script: 30000}}
Session ID: 06a7ba05-9cfd-4c3a-bcc0-fd033901725d">
      <![CDATA[org.openqa.selenium.StaleElementReferenceException: The element reference of <td> is stale; either the element is no longer attached to the DOM, it is not in the current frame context, or the document has been refreshed
For documentation on this error, please visit: http://seleniumhq.org/exceptions/stale_element_reference.html
Build info: version: '3.13.0', revision: '2f0d292', time: '2018-06-25T15:24:21.231Z'
System info: host: 'DESKTOP-8S13367', ip: '192.168.0.103', os.name: 'Windows 10', os.arch: 'amd64', os.version: '10.0', java.version: '1.8.0_171'
Driver info: org.openqa.selenium.firefox.FirefoxDriver
Capabilities {acceptInsecureCerts: true, browserName: firefox, browserVersion: 61.0, javascriptEnabled: true, moz:accessibilityChecks: false, moz:headless: false, moz:processID: 17212, moz:profile: C:\Users\Rishabh\AppData\Lo..., moz:useNonSpecCompliantPointerOrigin: false, moz:webdriverClick: true, pageLoadStrategy: normal, platform: XP, platformName: XP, platformVersion: 10.0, rotatable: false, timeouts: {implicit: 0, pageLoad: 300000, script: 30000}}
Session ID: 06a7ba05-9cfd-4c3a-bcc0-fd033901725d
at org.openqa.selenium.remote.http.W3CHttpResponseCodec.createException(W3CHttpResponseCodec.java:187)
at org.openqa.selenium.remote.http.W3CHttpResponseCodec.decode(W3CHttpResponseCodec.java:122)
at org.openqa.selenium.remote.http.W3CHttpResponseCodec.decode(W3CHttpResponseCodec.java:49)
at org.openqa.selenium.remote.HttpCommandExecutor.execute(HttpCommandExecutor.java:158)
at org.openqa.selenium.remote.service.DriverCommandExecutor.execute(DriverCommandExecutor.java:83)
at org.openqa.selenium.remote.RemoteWebDriver.execute(RemoteWebDriver.java:548)
at org.openqa.selenium.remote.RemoteWebElement.execute(RemoteWebElement.java:276)
at org.openqa.selenium.remote.RemoteWebElement.getText(RemoteWebElement.java:160)
at org.openqa.selenium.support.events.EventFiringWebDriver$EventFiringWebElement.lambda$new$0(EventFiringWebDriver.java:403)
at com.sun.proxy.$Proxy12.getText(Unknown Source)
at org.openqa.selenium.support.events.EventFiringWebDriver$EventFiringWebElement.getText(EventFiringWebDriver.java:462)
at org.openqa.selenium.support.pagefactory.internal.LocatingElementHandler.invoke(LocatingElementHandler.java:51)
at com.sun.proxy.$Proxy11.getText(Unknown Source)
at com.task.pages.TemplatesDesignPage.createReportTemplate(TemplatesDesignPage.java:70)
at com.task.tests.TemplateDesignPageTest.createReportTemplateTest(TemplateDesignPageTest.java:37)
... Removed 37 stack frames]]>
    </failure>
  </testcase> <!-- createReportTemplateTest -->
  <testcase name="editReportTemplateTest" time="6.105" classname="com.task.tests.TemplateDesignPageTest"/>
  <testcase name="copyReportTemplateTest" time="6.227" classname="com.task.tests.TemplateDesignPageTest"/>
  <testcase name="deleteReportTemplateTest" time="205.569" classname="com.task.tests.TemplateDesignPageTest"/>
</testsuite> <!-- Automation Task Test Cases -->
